mode: set
imooc.com/ccmouse/learngo/container/nonrepeating/nonrepeating.go:5.47,11.31 3 1
imooc.com/ccmouse/learngo/container/nonrepeating/nonrepeating.go:24.2,24.18 1 1
imooc.com/ccmouse/learngo/container/nonrepeating/nonrepeating.go:11.31,13.58 1 1
imooc.com/ccmouse/learngo/container/nonrepeating/nonrepeating.go:17.3,17.28 1 1
imooc.com/ccmouse/learngo/container/nonrepeating/nonrepeating.go:21.3,21.23 1 1
imooc.com/ccmouse/learngo/container/nonrepeating/nonrepeating.go:13.58,15.4 1 1
imooc.com/ccmouse/learngo/container/nonrepeating/nonrepeating.go:17.28,19.4 1 1
imooc.com/ccmouse/learngo/container/nonrepeating/nonrepeating.go:28.13,31.2 2 0
